<?xml version="1.0" encoding="UTF-8"?>
<!-- Generated by org.testng.reporters.JUnitReportReporter -->
<testsuite hostname="OJT0156998" name="com.StockAccounting.Master.exeng" tests="3" failures="0" timestamp="25 Aug 2016 11:22:54 GMT" time="27.804" errors="0">
  <testcase name="uom" time="7.904" classname="com.StockAccounting.Master.exeng"/>
  <testcase name="uom" time="11.999" classname="com.StockAccounting.Master.exeng"/>
  <testcase name="uom" time="7.901" classname="com.StockAccounting.Master.exeng"/>
</testsuite> <!-- com.StockAccounting.Master.exeng -->
