<?xml version="1.0" encoding="UTF-8"?>
<!-- Generated by org.testng.reporters.JUnitReportReporter -->
<testsuite hostname="OJT0156998" name="com.StockAccounting.Master.Stockitemng" tests="2" failures="0" timestamp="26 Aug 2016 09:23:01 GMT" time="24.573" errors="0">
  <testcase name="stockitem" time="12.045" classname="com.StockAccounting.Master.Stockitemng"/>
  <testcase name="stockitem" time="12.528" classname="com.StockAccounting.Master.Stockitemng"/>
</testsuite> <!-- com.StockAccounting.Master.Stockitemng -->
