<?xml version="1.0" encoding="UTF-8"?>
<!-- Generated by org.testng.reporters.JUnitReportReporter -->
<testsuite hostname="OJT0156998" name="com.StockAccounting.Master.testngexample" tests="3" failures="0" timestamp="24 Aug 2016 10:36:24 GMT" time="0.015" errors="0">
  <testcase name="ghj" time="0.000" classname="com.StockAccounting.Master.testngexample"/>
  <testcase name="abc" time="0.015" classname="com.StockAccounting.Master.testngexample"/>
  <testcase name="xyz" time="0.000" classname="com.StockAccounting.Master.testngexample"/>
</testsuite> <!-- com.StockAccounting.Master.testngexample -->
