<?xml version="1.0" encoding="UTF-8"?>
<!-- Generated by org.testng.reporters.JUnitReportReporter -->
<testsuite hostname="OJT0156998" name="com.StockAccounting.Master.execatry" tests="3" failures="0" timestamp="25 Aug 2016 11:22:54 GMT" time="22.623" errors="0">
  <testcase name="scatgry" time="7.433" classname="com.StockAccounting.Master.execatry"/>
  <testcase name="scatgry" time="7.184" classname="com.StockAccounting.Master.execatry"/>
  <testcase name="scatgry" time="8.006" classname="com.StockAccounting.Master.execatry"/>
</testsuite> <!-- com.StockAccounting.Master.execatry -->
