<?xml version="1.0" encoding="UTF-8"?>
<!-- Generated by org.testng.reporters.JUnitReportReporter -->
<testsuite hostname="OJT0156998" name="com.StockAccounting.Master.uomtestng" tests="1" failures="0" timestamp="24 Aug 2016 10:50:39 GMT" time="8.194" errors="0">
  <testcase name="uom" time="8.194" classname="com.StockAccounting.Master.uomtestng"/>
</testsuite> <!-- com.StockAccounting.Master.uomtestng -->
