<?xml version="1.0" encoding="UTF-8"?>
<!-- Generated by org.testng.reporters.JUnitReportReporter -->
<testsuite hostname="OJT0156998" name="com.StockAccounting.Master.Supplierng" tests="2" failures="0" timestamp="25 Aug 2016 11:22:54 GMT" time="23.051" errors="0">
  <testcase name="supplier" time="11.422" classname="com.StockAccounting.Master.Supplierng"/>
  <testcase name="supplier" time="11.629" classname="com.StockAccounting.Master.Supplierng"/>
</testsuite> <!-- com.StockAccounting.Master.Supplierng -->
